<?xml version="1.0" encoding="UTF-8"?>
<!-- Generated by org.testng.reporters.JUnitReportReporter -->
<testsuite hostname="LIPU-PC" failures="0" tests="1" name="testRunnerRegistration.TestRunnerRegistration" time="18.187" errors="0" timestamp="2023-08-28T23:03:17 EDT" skipped="0">
  <testcase classname="testRunnerRegistration.TestRunnerRegistration" name="feature" time="18.187"/>
  <system-out/>
</testsuite> <!-- testRunnerRegistration.TestRunnerRegistration -->
